# JRE version: OpenJDK Runtime Environment Temurin-17.0.2+8 (17.0.2+8) (build 17.0.2+8)
# Java VM: OpenJDK 64-Bit Server VM Temurin-17.0.2+8 (17.0.2+8, mixed mode, tiered, compressed oops, compressed class ptrs, parallel gc, linux-amd64)
GC Precious Log:
 CPUs: 8 total, 8 available
 Memory: 9896M
 Large Page Support: Disabled
 NUMA Support: Disabled
 Compressed Oops: Enabled (32-bit)
 Alignments: Space 512K, Generation 512K, Heap 2M
 Heap Min Capacity: 100M
 Heap Initial Capacity: 100M
 Heap Max Capacity: 1G
 Pre-touch: Disabled
 Parallel Workers: 8
Heap:
 PSYoungGen      total 2048K, used 1688K [0x00000000eab00000, 0x00000000eae00000, 0x0000000100000000)
  eden space 1536K, 99% used [0x00000000eab00000,0x00000000eac7e018,0x00000000eac80000)
  from space 512K, 31% used [0x00000000ead00000,0x00000000ead28000,0x00000000ead80000)
  to   space 512K, 18% used [0x00000000ead80000,0x00000000ead98000,0x00000000eae00000)
 ParOldGen       total 113664K, used 107015K [0x00000000c0000000, 0x00000000c6f00000, 0x00000000eab00000)
  object space 113664K, 94% used [0x00000000c0000000,0x00000000c6881ec0,0x00000000c6f00000)
 Metaspace       used 81508K, committed 82496K, reserved 1130496K
  class space    used 8140K, committed 8576K, reserved 1048576K
GC Heap History (20 events):
Event: 31981,600 GC heap after
{Heap after GC invocations=6854 (full 250):
 PSYoungGen      total 3072K, used 160K [0x00000000eab00000, 0x00000000eaf00000, 0x0000000100000000)
  eden space 2560K, 0% used [0x00000000eab00000,0x00000000eab00000,0x00000000ead80000)
  from space 512K, 31% used [0x00000000eae80000,0x00000000eaea8000,0x00000000eaf00000)
  to   space 512K, 0% used [0x00000000eae00000,0x00000000eae00000,0x00000000eae80000)
 ParOldGen       total 113664K, used 102534K [0x00000000c0000000, 0x00000000c6f00000, 0x00000000eab00000)
  object space 113664K, 90% used [0x00000000c0000000,0x00000000c6421850,0x00000000c6f00000)
 Metaspace       used 81508K, committed 82496K, reserved 1130496K
  class space    used 8140K, committed 8576K, reserved 1048576K
}
Event: 32439,209 GC heap before
{Heap before GC invocations=6855 (full 250):
 PSYoungGen      total 3072K, used 2645K [0x00000000eab00000, 0x00000000eaf00000, 0x0000000100000000)
  eden space 2560K, 97% used [0x00000000eab00000,0x00000000ead6d6e8,0x00000000ead80000)
  from space 512K, 31% used [0x00000000eae80000,0x00000000eaea8000,0x00000000eaf00000)
  to   space 512K, 0% used [0x00000000eae00000,0x00000000eae00000,0x00000000eae80000)
 ParOldGen       total 113664K, used 102534K [0x00000000c0000000, 0x00000000c6f00000, 0x00000000eab00000)
  object space 113664K, 90% used [0x00000000c0000000,0x00000000c6421850,0x00000000c6f00000)
 Metaspace       used 81508K, committed 82496K, reserved 1130496K
  class space    used 8140K, committed 8576K, reserved 1048576K
}
Event: 32439,210 GC heap after
{Heap after GC invocations=6855 (full 250):
 PSYoungGen      total 3072K, used 496K [0x00000000eab00000, 0x00000000eaf80000, 0x0000000100000000)
  eden space 2560K, 0% used [0x00000000eab00000,0x00000000eab00000,0x00000000ead80000)
  from space 512K, 96% used [0x00000000eae00000,0x00000000eae7c010,0x00000000eae80000)
  to   space 1024K, 0% used [0x00000000eae80000,0x00000000eae80000,0x00000000eaf80000)
 ParOldGen       total 113664K, used 102566K [0x00000000c0000000, 0x00000000c6f00000, 0x00000000eab00000)
  object space 113664K, 90% used [0x00000000c0000000,0x00000000c6429850,0x00000000c6f00000)
 Metaspace       used 81508K, committed 82496K, reserved 1130496K
  class space    used 8140K, committed 8576K, reserved 1048576K
}
Event: 32439,223 GC heap before
{Heap before GC invocations=6856 (full 250):
 PSYoungGen      total 3072K, used 3056K [0x00000000eab00000, 0x00000000eaf80000, 0x0000000100000000)
  eden space 2560K, 100% used [0x00000000eab00000,0x00000000ead80000,0x00000000ead80000)
  from space 512K, 96% used [0x00000000eae00000,0x00000000eae7c010,0x00000000eae80000)
  to   space 1024K, 0% used [0x00000000eae80000,0x00000000eae80000,0x00000000eaf80000)
 ParOldGen       total 113664K, used 102566K [0x00000000c0000000, 0x00000000c6f00000, 0x00000000eab00000)
  object space 113664K, 90% used [0x00000000c0000000,0x00000000c6429850,0x00000000c6f00000)
 Metaspace       used 81508K, committed 82496K, reserved 1130496K
  class space    used 8140K, committed 8576K, reserved 1048576K
}
Event: 32439,226 GC heap after
{Heap after GC invocations=6856 (full 250):
 PSYoungGen      total 1536K, used 1014K [0x00000000eab00000, 0x00000000eb480000, 0x0000000100000000)
  eden space 512K, 0% used [0x00000000eab00000,0x00000000eab00000,0x00000000eab80000)
  from space 1024K, 99% used [0x00000000eae80000,0x00000000eaf7d9d0,0x00000000eaf80000)
  to   space 3072K, 0% used [0x00000000eab80000,0x00000000eab80000,0x00000000eae80000)
 ParOldGen       total 113664K, used 104488K [0x00000000c0000000, 0x00000000c6f00000, 0x00000000eab00000)
  object space 113664K, 91% used [0x00000000c0000000,0x00000000c660a170,0x00000000c6f00000)
 Metaspace       used 81508K, committed 82496K, reserved 1130496K
  class space    used 8140K, committed 8576K, reserved 1048576K
}
Event: 32439,229 GC heap before
{Heap before GC invocations=6857 (full 250):
 PSYoungGen      total 1536K, used 1526K [0x00000000eab00000, 0x00000000eb480000, 0x0000000100000000)
  eden space 512K, 100% used [0x00000000eab00000,0x00000000eab80000,0x00000000eab80000)
  from space 1024K, 99% used [0x00000000eae80000,0x00000000eaf7d9d0,0x00000000eaf80000)
  to   space 3072K, 0% used [0x00000000eab80000,0x00000000eab80000,0x00000000eae80000)
 ParOldGen       total 113664K, used 104488K [0x00000000c0000000, 0x00000000c6f00000, 0x00000000eab00000)
  object space 113664K, 91% used [0x00000000c0000000,0x00000000c660a170,0x00000000c6f00000)
 Metaspace       used 81508K, committed 82496K, reserved 1130496K
  class space    used 8140K, committed 8576K, reserved 1048576K
}
Event: 32439,231 GC heap after
{Heap after GC invocations=6857 (full 250):
 PSYoungGen      total 1024K, used 480K [0x00000000eab00000, 0x00000000eaf00000, 0x0000000100000000)
  eden space 512K, 0% used [0x00000000eab00000,0x00000000eab00000,0x00000000eab80000)
  from space 512K, 93% used [0x00000000eab80000,0x00000000eabf8000,0x00000000eac00000)
  to   space 1536K, 0% used [0x00000000ead80000,0x00000000ead80000,0x00000000eaf00000)
 ParOldGen       total 113664K, used 105518K [0x00000000c0000000, 0x00000000c6f00000, 0x00000000eab00000)
  object space 113664K, 92% used [0x00000000c0000000,0x00000000c670bb40,0x00000000c6f00000)
 Metaspace       used 81508K, committed 82496K, reserved 1130496K
  class space    used 8140K, committed 8576K, reserved 1048576K
}
Event: 32439,232 GC heap before
{Heap before GC invocations=6858 (full 250):
 PSYoungGen      total 1024K, used 992K [0x00000000eab00000, 0x00000000eaf00000, 0x0000000100000000)
  eden space 512K, 100% used [0x00000000eab00000,0x00000000eab80000,0x00000000eab80000)
  from space 512K, 93% used [0x00000000eab80000,0x00000000eabf8000,0x00000000eac00000)
  to   space 1536K, 0% used [0x00000000ead80000,0x00000000ead80000,0x00000000eaf00000)
 ParOldGen       total 113664K, used 105518K [0x00000000c0000000, 0x00000000c6f00000, 0x00000000eab00000)
  object space 113664K, 92% used [0x00000000c0000000,0x00000000c670bb40,0x00000000c6f00000)
 Metaspace       used 81508K, committed 82496K, reserved 1130496K
  class space    used 8140K, committed 8576K, reserved 1048576K
}
Event: 32439,234 GC heap after
{Heap after GC invocations=6858 (full 250):
 PSYoungGen      total 1536K, used 320K [0x00000000eab00000, 0x00000000eae00000, 0x0000000100000000)
  eden space 1024K, 0% used [0x00000000eab00000,0x00000000eab00000,0x00000000eac00000)
  from space 512K, 62% used [0x00000000ead80000,0x00000000eadd0000,0x00000000eae00000)
  to   space 1024K, 0% used [0x00000000eac00000,0x00000000eac00000,0x00000000ead00000)
 ParOldGen       total 113664K, used 105965K [0x00000000c0000000, 0x00000000c6f00000, 0x00000000eab00000)
  object space 113664K, 93% used [0x00000000c0000000,0x00000000c677b580,0x00000000c6f00000)
 Metaspace       used 81508K, committed 82496K, reserved 1130496K
  class space    used 8140K, committed 8576K, reserved 1048576K
}
Event: 32439,237 GC heap before
{Heap before GC invocations=6859 (full 250):
 PSYoungGen      total 1536K, used 1344K [0x00000000eab00000, 0x00000000eae00000, 0x0000000100000000)
  eden space 1024K, 100% used [0x00000000eab00000,0x00000000eac00000,0x00000000eac00000)
  from space 512K, 62% used [0x00000000ead80000,0x00000000eadd0000,0x00000000eae00000)
  to   space 1024K, 0% used [0x00000000eac00000,0x00000000eac00000,0x00000000ead00000)
 ParOldGen       total 113664K, used 105965K [0x00000000c0000000, 0x00000000c6f00000, 0x00000000eab00000)
  object space 113664K, 93% used [0x00000000c0000000,0x00000000c677b580,0x00000000c6f00000)
 Metaspace       used 81508K, committed 82496K, reserved 1130496K
  class space    used 8140K, committed 8576K, reserved 1048576K
}
Event: 32439,238 GC heap after
{Heap after GC invocations=6859 (full 250):
 PSYoungGen      total 2048K, used 480K [0x00000000eab00000, 0x00000000eae80000, 0x0000000100000000)
  eden space 1024K, 0% used [0x00000000eab00000,0x00000000eab00000,0x00000000eac00000)
  from space 1024K, 46% used [0x00000000eac00000,0x00000000eac78000,0x00000000ead00000)
  to   space 1024K, 0% used [0x00000000ead80000,0x00000000ead80000,0x00000000eae80000)
 ParOldGen       total 113664K, used 106205K [0x00000000c0000000, 0x00000000c6f00000, 0x00000000eab00000)
  object space 113664K, 93% used [0x00000000c0000000,0x00000000c67b7580,0x00000000c6f00000)
 Metaspace       used 81508K, committed 82496K, reserved 1130496K
  class space    used 8140K, committed 8576K, reserved 1048576K
}
Event: 32439,241 GC heap before
{Heap before GC invocations=6860 (full 250):
 PSYoungGen      total 2048K, used 1504K [0x00000000eab00000, 0x00000000eae80000, 0x0000000100000000)
  eden space 1024K, 100% used [0x00000000eab00000,0x00000000eac00000,0x00000000eac00000)
  from space 1024K, 46% used [0x00000000eac00000,0x00000000eac78000,0x00000000ead00000)
  to   space 1024K, 0% used [0x00000000ead80000,0x00000000ead80000,0x00000000eae80000)
 ParOldGen       total 113664K, used 106205K [0x00000000c0000000, 0x00000000c6f00000, 0x00000000eab00000)
  object space 113664K, 93% used [0x00000000c0000000,0x00000000c67b7580,0x00000000c6f00000)
 Metaspace       used 81508K, committed 82496K, reserved 1130496K
  class space    used 8140K, committed 8576K, reserved 1048576K
}
Event: 32439,242 GC heap after
{Heap after GC invocations=6860 (full 250):
 PSYoungGen      total 2048K, used 96K [0x00000000eab00000, 0x00000000eae00000, 0x0000000100000000)
  eden space 1536K, 0% used [0x00000000eab00000,0x00000000eab00000,0x00000000eac80000)
  from space 512K, 18% used [0x00000000ead80000,0x00000000ead98000,0x00000000eae00000)
  to   space 512K, 0% used [0x00000000ead00000,0x00000000ead00000,0x00000000ead80000)
 ParOldGen       total 113664K, used 106570K [0x00000000c0000000, 0x00000000c6f00000, 0x00000000eab00000)
  object space 113664K, 93% used [0x00000000c0000000,0x00000000c6812a20,0x00000000c6f00000)
 Metaspace       used 81508K, committed 82496K, reserved 1130496K
  class space    used 8140K, committed 8576K, reserved 1048576K
}
Event: 32439,338 GC heap before
{Heap before GC invocations=6861 (full 250):
 PSYoungGen      total 2048K, used 1632K [0x00000000eab00000, 0x00000000eae00000, 0x0000000100000000)
  eden space 1536K, 100% used [0x00000000eab00000,0x00000000eac80000,0x00000000eac80000)
  from space 512K, 18% used [0x00000000ead80000,0x00000000ead98000,0x00000000eae00000)
  to   space 512K, 0% used [0x00000000ead00000,0x00000000ead00000,0x00000000ead80000)
 ParOldGen       total 113664K, used 106570K [0x00000000c0000000, 0x00000000c6f00000, 0x00000000eab00000)
  object space 113664K, 93% used [0x00000000c0000000,0x00000000c6812a20,0x00000000c6f00000)
 Metaspace       used 81508K, committed 82496K, reserved 1130496K
  class space    used 8140K, committed 8576K, reserved 1048576K
}
Event: 32439,339 GC heap after
{Heap after GC invocations=6861 (full 250):
 PSYoungGen      total 2048K, used 496K [0x00000000eab00000, 0x00000000eae80000, 0x0000000100000000)
  eden space 1536K, 0% used [0x00000000eab00000,0x00000000eab00000,0x00000000eac80000)
  from space 512K, 96% used [0x00000000ead00000,0x00000000ead7c010,0x00000000ead80000)
  to   space 1024K, 0% used [0x00000000ead80000,0x00000000ead80000,0x00000000eae80000)
 ParOldGen       total 113664K, used 106826K [0x00000000c0000000, 0x00000000c6f00000, 0x00000000eab00000)
  object space 113664K, 93% used [0x00000000c0000000,0x00000000c6852a40,0x00000000c6f00000)
 Metaspace       used 81508K, committed 82496K, reserved 1130496K
  class space    used 8140K, committed 8576K, reserved 1048576K
}
Event: 32581,911 GC heap before
{Heap before GC invocations=6862 (full 250):
 PSYoungGen      total 2048K, used 2027K [0x00000000eab00000, 0x00000000eae80000, 0x0000000100000000)
  eden space 1536K, 99% used [0x00000000eab00000,0x00000000eac7eee8,0x00000000eac80000)
  from space 512K, 96% used [0x00000000ead00000,0x00000000ead7c010,0x00000000ead80000)
  to   space 1024K, 0% used [0x00000000ead80000,0x00000000ead80000,0x00000000eae80000)
 ParOldGen       total 113664K, used 106826K [0x00000000c0000000, 0x00000000c6f00000, 0x00000000eab00000)
  object space 113664K, 93% used [0x00000000c0000000,0x00000000c6852a40,0x00000000c6f00000)
 Metaspace       used 81508K, committed 82496K, reserved 1130496K
  class space    used 8140K, committed 8576K, reserved 1048576K
}
Event: 32581,912 GC heap after
{Heap after GC invocations=6862 (full 250):
 PSYoungGen      total 2048K, used 224K [0x00000000eab00000, 0x00000000eae00000, 0x0000000100000000)
  eden space 1536K, 0% used [0x00000000eab00000,0x00000000eab00000,0x00000000eac80000)
  from space 512K, 43% used [0x00000000ead80000,0x00000000eadb8000,0x00000000eae00000)
  to   space 512K, 0% used [0x00000000ead00000,0x00000000ead00000,0x00000000ead80000)
 ParOldGen       total 113664K, used 106991K [0x00000000c0000000, 0x00000000c6f00000, 0x00000000eab00000)
  object space 113664K, 94% used [0x00000000c0000000,0x00000000c687bec0,0x00000000c6f00000)
 Metaspace       used 81508K, committed 82496K, reserved 1130496K
  class space    used 8140K, committed 8576K, reserved 1048576K
}
Event: 33050,984 GC heap before
{Heap before GC invocations=6863 (full 250):
 PSYoungGen      total 2048K, used 1760K [0x00000000eab00000, 0x00000000eae00000, 0x0000000100000000)
  eden space 1536K, 100% used [0x00000000eab00000,0x00000000eac80000,0x00000000eac80000)
  from space 512K, 43% used [0x00000000ead80000,0x00000000eadb8000,0x00000000eae00000)
  to   space 512K, 0% used [0x00000000ead00000,0x00000000ead00000,0x00000000ead80000)
 ParOldGen       total 113664K, used 106991K [0x00000000c0000000, 0x00000000c6f00000, 0x00000000eab00000)
  object space 113664K, 94% used [0x00000000c0000000,0x00000000c687bec0,0x00000000c6f00000)
 Metaspace       used 81508K, committed 82496K, reserved 1130496K
  class space    used 8140K, committed 8576K, reserved 1048576K
}
Event: 33050,985 GC heap after
{Heap after GC invocations=6863 (full 250):
 PSYoungGen      total 2048K, used 160K [0x00000000eab00000, 0x00000000eae00000, 0x0000000100000000)
  eden space 1536K, 0% used [0x00000000eab00000,0x00000000eab00000,0x00000000eac80000)
  from space 512K, 31% used [0x00000000ead00000,0x00000000ead28000,0x00000000ead80000)
  to   space 512K, 0% used [0x00000000ead80000,0x00000000ead80000,0x00000000eae00000)
 ParOldGen       total 113664K, used 106999K [0x00000000c0000000, 0x00000000c6f00000, 0x00000000eab00000)
  object space 113664K, 94% used [0x00000000c0000000,0x00000000c687dec0,0x00000000c6f00000)
 Metaspace       used 81508K, committed 82496K, reserved 1130496K
  class space    used 8140K, committed 8576K, reserved 1048576K
}
Event: 33562,245 GC heap before
{Heap before GC invocations=6864 (full 250):
 PSYoungGen      total 2048K, used 1688K [0x00000000eab00000, 0x00000000eae00000, 0x0000000100000000)
  eden space 1536K, 99% used [0x00000000eab00000,0x00000000eac7e018,0x00000000eac80000)
  from space 512K, 31% used [0x00000000ead00000,0x00000000ead28000,0x00000000ead80000)
  to   space 512K, 0% used [0x00000000ead80000,0x00000000ead80000,0x00000000eae00000)
 ParOldGen       total 113664K, used 106999K [0x00000000c0000000, 0x00000000c6f00000, 0x00000000eab00000)
  object space 113664K, 94% used [0x00000000c0000000,0x00000000c687dec0,0x00000000c6f00000)
 Metaspace       used 81508K, committed 82496K, reserved 1130496K
  class space    used 8140K, committed 8576K, reserved 1048576K
}

